<?xml version="1.0" encoding="UTF-8"?>
<testsuite xmlns:xsi="http://www.w3.org/2001/XMLSchema-instance" xsi:noNamespaceSchemaLocation="https://maven.apache.org/surefire/maven-surefire-plugin/xsd/surefire-test-report.xsd" name="com.prueba.tecnica.PruebaTecnica1ApplicationTests" time="0.736" tests="1" errors="1" skipped="0" failures="0">
  <properties>
[...]
</properties>
  <testcase name="initializationError" classname="com.prueba.tecnica.PruebaTecnica1ApplicationTests" time="0.01">
    <error message="Unable to find a @SpringBootConfiguration, you need to use @ContextConfiguration or @SpringBootTest(classes=...) with your test" type="java.lang.IllegalStateException">java.lang.IllegalStateException: Unable to find a @SpringBootConfiguration, you need to use @ContextConfiguration or @SpringBootTest(classes=...) with your test
</error>
    <system-out><![CDATA[09:17:24.039 [main] DEBUG org.springframework.test.context.junit4.SpringJUnit4ClassRunner - SpringJUnit4ClassRunner constructor called with [class com.prueba.tecnica.PruebaTecnica1ApplicationTests]
09:17:24.039 [main] DEBUG org.springframework.test.context.BootstrapUtils - Instantiating CacheAwareContextLoaderDelegate from class [org.springframework.test.context.cache.DefaultCacheAwareContextLoaderDelegate]
09:17:24.052 [main] DEBUG org.springframework.test.context.BootstrapUtils - Instantiating BootstrapContext using constructor [public org.springframework.test.context.support.DefaultBootstrapContext(java.lang.Class,org.springframework.test.context.CacheAwareContextLoaderDelegate)]
09:17:24.126 [main] DEBUG org.springframework.test.context.BootstrapUtils - Instantiating TestContextBootstrapper for test class [com.prueba.tecnica.PruebaTecnica1ApplicationTests] from class [org.springframework.boot.test.context.SpringBootTestContextBootstrapper]
09:17:24.168 [main] INFO org.springframework.boot.test.context.SpringBootTestContextBootstrapper - Neither @ContextConfiguration nor @ContextHierarchy found for test class [com.prueba.tecnica.PruebaTecnica1ApplicationTests], using SpringBootContextLoader
09:17:24.178 [main] DEBUG org.springframework.test.context.support.AbstractContextLoader - Did not detect default resource location for test class [com.prueba.tecnica.PruebaTecnica1ApplicationTests]: class path resource [com/prueba/tecnica/PruebaTecnica1ApplicationTests-context.xml] does not exist
09:17:24.178 [main] DEBUG org.springframework.test.context.support.AbstractContextLoader - Did not detect default resource location for test class [com.prueba.tecnica.PruebaTecnica1ApplicationTests]: class path resource [com/prueba/tecnica/PruebaTecnica1ApplicationTestsContext.groovy] does not exist
09:17:24.178 [main] INFO org.springframework.test.context.support.AbstractContextLoader - Could not detect default resource locations for test class [com.prueba.tecnica.PruebaTecnica1ApplicationTests]: no resource found for suffixes {-context.xml, Context.groovy}.
09:17:24.178 [main] INFO org.springframework.test.context.support.AnnotationConfigContextLoaderUtils - Could not detect default configuration classes for test class [com.prueba.tecnica.PruebaTecnica1ApplicationTests]: PruebaTecnica1ApplicationTests does not declare any static, non-private, non-final, nested classes annotated with @Configuration.
09:17:24.228 [main] DEBUG org.springframework.test.context.support.ActiveProfilesUtils - Could not find an 'annotation declaring class' for annotation type [org.springframework.test.context.ActiveProfiles] and class [com.prueba.tecnica.PruebaTecnica1ApplicationTests]
09:17:24.248 [main] DEBUG org.springframework.core.env.StandardEnvironment - Adding PropertySource 'systemProperties' with lowest search precedence
09:17:24.248 [main] DEBUG org.springframework.core.env.StandardEnvironment - Adding PropertySource 'systemEnvironment' with lowest search precedence
09:17:24.248 [main] DEBUG org.springframework.core.env.StandardEnvironment - Initialized StandardEnvironment with PropertySources [MapPropertySource@1487470647 {name='systemProperties', properties={java.runtime.name=Java(TM) SE Runtime Environment, sun.boot.library.path=C:\Program Files\Java\jdk1.8.0_131\jre\bin, java.vm.version=25.131-b11, java.vm.vendor=Oracle Corporation, java.vendor.url=http://java.oracle.com/, path.separator=;, java.vm.name=Java HotSpot(TM) 64-Bit Server VM, file.encoding.pkg=sun.io, user.country=CO, user.script=, sun.java.launcher=SUN_STANDARD, sun.os.patch.level=Service Pack 1, java.vm.specification.name=Java Virtual Machine Specification, user.dir=C:\Users\T14927\Documents\Proyectos\Personal\PruebaTecnica-1, java.runtime.version=1.8.0_131-b11, basedir=C:\Users\T14927\Documents\Proyectos\Personal\PruebaTecnica-1, java.awt.graphicsenv=sun.awt.Win32GraphicsEnvironment, java.endorsed.dirs=C:\Program Files\Java\jdk1.8.0_131\jre\lib\endorsed, os.arch=amd64, surefire.real.class.path=C:\Users\T14927\AppData\Local\Temp\surefire7462703455070759726\surefirebooter2894812969166334759.jar, java.io.tmpdir=C:\Users\T14927\AppData\Local\Temp\, line.separator=
, java.vm.specification.vendor=Oracle Corporation, user.variant=, os.name=Windows 7, sun.jnu.encoding=Cp1252, java.library.path=C:\Program Files\Java\jdk1.8.0_131\jre\bin;C:\Windows\Sun\Java\bin;C:\Windows\system32;C:\Windows;C:\ProgramData\Oracle\Java\javapath;C:\Windows\system32;C:\Windows;C:\Windows\System32\Wbem;C:\Windows\System32\WindowsPowerShell\v1.0\;C:\Program Files\Java\jdk1.8.0_131\bin;C:\apache-maven-3.3.9\bin;C:\Program Files (x86)\PuTTY\;C:\Program Files (x86)\Skype\Phone\;C:\Program Files\Microsoft SQL Server\130\Tools\Binn\;C:\Program Files\dotnet\;C:\Program Files\Git\cmd;C:\Program Files\nodejs\;C:\Program Files\TortoiseGit\bin;C:\PostgreSQL\pg96\bin;C:\Program Files (x86)\pgmodeler;C:\Program Files (x86)\Bitvise SSH Client;;C:\Program Files\Microsoft VS Code\bin;C:\Users\T14927\AppData\Roaming\npm;., surefire.test.class.path=C:\Users\T14927\Documents\Proyectos\Personal\PruebaTecnica-1\target\test-classes;C:\Users\T14927\Documents\Proyectos\Personal\PruebaTecnica-1\target\classes;C:\Users\T14927\.m2\repository\org\springframework\boot\spring-boot-starter-web\2.0.0.RC1\spring-boot-starter-web-2.0.0.RC1.jar;C:\Users\T14927\.m2\repository\org\springframework\boot\spring-boot-starter\2.0.0.RC1\spring-boot-starter-2.0.0.RC1.jar;C:\Users\T14927\.m2\repository\org\springframework\boot\spring-boot\2.0.0.RC1\spring-boot-2.0.0.RC1.jar;C:\Users\T14927\.m2\repository\org\springframework\boot\spring-boot-autoconfigure\2.0.0.RC1\spring-boot-autoconfigure-2.0.0.RC1.jar;C:\Users\T14927\.m2\repository\org\springframework\boot\spring-boot-starter-logging\2.0.0.RC1\spring-boot-starter-logging-2.0.0.RC1.jar;C:\Users\T14927\.m2\repository\ch\qos\logback\logback-classic\1.2.3\logback-classic-1.2.3.jar;C:\Users\T14927\.m2\repository\ch\qos\logback\logback-core\1.2.3\logback-core-1.2.3.jar;C:\Users\T14927\.m2\repository\org\apache\logging\log4j\log4j-to-slf4j\2.10.0\log4j-to-slf4j-2.10.0.jar;C:\Users\T14927\.m2\repository\org\apache\logging\log4j\log4j-api\2.10.0\log4j-api-2.10.0.jar;C:\Users\T14927\.m2\repository\org\slf4j\jul-to-slf4j\1.7.25\jul-to-slf4j-1.7.25.jar;C:\Users\T14927\.m2\repository\javax\annotation\javax.annotation-api\1.3.1\javax.annotation-api-1.3.1.jar;C:\Users\T14927\.m2\repository\org\yaml\snakeyaml\1.19\snakeyaml-1.19.jar;C:\Users\T14927\.m2\repository\org\springframework\boot\spring-boot-starter-json\2.0.0.RC1\spring-boot-starter-json-2.0.0.RC1.jar;C:\Users\T14927\.m2\repository\com\fasterxml\jackson\core\jackson-databind\2.9.2\jackson-databind-2.9.2.jar;C:\Users\T14927\.m2\repository\com\fasterxml\jackson\core\jackson-annotations\2.9.0\jackson-annotations-2.9.0.jar;C:\Users\T14927\.m2\repository\com\fasterxml\jackson\core\jackson-core\2.9.2\jackson-core-2.9.2.jar;C:\Users\T14927\.m2\repository\com\fasterxml\jackson\datatype\jackson-datatype-jdk8\2.9.2\jackson-datatype-jdk8-2.9.2.jar;C:\Users\T14927\.m2\repository\com\fasterxml\jackson\datatype\jackson-datatype-jsr310\2.9.2\jackson-datatype-jsr310-2.9.2.jar;C:\Users\T14927\.m2\repository\com\fasterxml\jackson\module\jackson-module-parameter-names\2.9.2\jackson-module-parameter-names-2.9.2.jar;C:\Users\T14927\.m2\repository\org\springframework\boot\spring-boot-starter-tomcat\2.0.0.RC1\spring-boot-starter-tomcat-2.0.0.RC1.jar;C:\Users\T14927\.m2\repository\org\apache\tomcat\embed\tomcat-embed-core\8.5.27\tomcat-embed-core-8.5.27.jar;C:\Users\T14927\.m2\repository\org\apache\tomcat\embed\tomcat-embed-el\8.5.27\tomcat-embed-el-8.5.27.jar;C:\Users\T14927\.m2\repository\org\apache\tomcat\embed\tomcat-embed-websocket\8.5.27\tomcat-embed-websocket-8.5.27.jar;C:\Users\T14927\.m2\repository\org\hibernate\validator\hibernate-validator\6.0.7.Final\hibernate-validator-6.0.7.Final.jar;C:\Users\T14927\.m2\repository\javax\validation\validation-api\2.0.1.Final\validation-api-2.0.1.Final.jar;C:\Users\T14927\.m2\repository\org\jboss\logging\jboss-logging\3.3.1.Final\jboss-logging-3.3.1.Final.jar;C:\Users\T14927\.m2\repository\com\fasterxml\classmate\1.3.4\classmate-1.3.4.jar;C:\Users\T14927\.m2\repository\org\springframework\spring-web\5.0.3.RELEASE\spring-web-5.0.3.RELEASE.jar;C:\Users\T14927\.m2\repository\org\springframework\spring-beans\5.0.3.RELEASE\spring-beans-5.0.3.RELEASE.jar;C:\Users\T14927\.m2\repository\org\springframework\spring-webmvc\5.0.3.RELEASE\spring-webmvc-5.0.3.RELEASE.jar;C:\Users\T14927\.m2\repository\org\springframework\spring-aop\5.0.3.RELEASE\spring-aop-5.0.3.RELEASE.jar;C:\Users\T14927\.m2\repository\org\springframework\spring-context\5.0.3.RELEASE\spring-context-5.0.3.RELEASE.jar;C:\Users\T14927\.m2\repository\org\springframework\spring-expression\5.0.3.RELEASE\spring-expression-5.0.3.RELEASE.jar;C:\Users\T14927\.m2\repository\org\springframework\boot\spring-boot-starter-test\2.0.0.RC1\spring-boot-starter-test-2.0.0.RC1.jar;C:\Users\T14927\.m2\repository\org\springframework\boot\spring-boot-test\2.0.0.RC1\spring-boot-test-2.0.0.RC1.jar;C:\Users\T14927\.m2\repository\org\springframework\boot\spring-boot-test-autoconfigure\2.0.0.RC1\spring-boot-test-autoconfigure-2.0.0.RC1.jar;C:\Users\T14927\.m2\repository\com\jayway\jsonpath\json-path\2.4.0\json-path-2.4.0.jar;C:\Users\T14927\.m2\repository\net\minidev\json-smart\2.3\json-smart-2.3.jar;C:\Users\T14927\.m2\repository\net\minidev\accessors-smart\1.2\accessors-smart-1.2.jar;C:\Users\T14927\.m2\repository\org\ow2\asm\asm\5.0.4\asm-5.0.4.jar;C:\Users\T14927\.m2\repository\org\slf4j\slf4j-api\1.7.25\slf4j-api-1.7.25.jar;C:\Users\T14927\.m2\repository\junit\junit\4.12\junit-4.12.jar;C:\Users\T14927\.m2\repository\org\assertj\assertj-core\3.9.0\assertj-core-3.9.0.jar;C:\Users\T14927\.m2\repository\org\mockito\mockito-core\2.13.0\mockito-core-2.13.0.jar;C:\Users\T14927\.m2\repository\net\bytebuddy\byte-buddy\1.7.9\byte-buddy-1.7.9.jar;C:\Users\T14927\.m2\repository\net\bytebuddy\byte-buddy-agent\1.7.9\byte-buddy-agent-1.7.9.jar;C:\Users\T14927\.m2\repository\org\objenesis\objenesis\2.6\objenesis-2.6.jar;C:\Users\T14927\.m2\repository\org\hamcrest\hamcrest-core\1.3\hamcrest-core-1.3.jar;C:\Users\T14927\.m2\repository\org\hamcrest\hamcrest-library\1.3\hamcrest-library-1.3.jar;C:\Users\T14927\.m2\repository\org\skyscreamer\jsonassert\1.5.0\jsonassert-1.5.0.jar;C:\Users\T14927\.m2\repository\com\vaadin\external\google\android-json\0.0.20131108.vaadin1\android-json-0.0.20131108.vaadin1.jar;C:\Users\T14927\.m2\repository\org\springframework\spring-core\5.0.3.RELEASE\spring-core-5.0.3.RELEASE.jar;C:\Users\T14927\.m2\repository\org\springframework\spring-jcl\5.0.3.RELEASE\spring-jcl-5.0.3.RELEASE.jar;C:\Users\T14927\.m2\repository\org\springframework\spring-test\5.0.3.RELEASE\spring-test-5.0.3.RELEASE.jar;C:\Users\T14927\.m2\repository\org\xmlunit\xmlunit-core\2.5.1\xmlunit-core-2.5.1.jar;, java.specification.name=Java Platform API Specification, java.class.version=52.0, sun.management.compiler=HotSpot 64-Bit Tiered Compilers, os.version=6.1, user.home=C:\Users\T14927, user.timezone=America/Bogota, java.awt.printerjob=sun.awt.windows.WPrinterJob, file.encoding=Cp1252, java.specification.version=1.8, java.class.path=C:\Users\T14927\Documents\Proyectos\Personal\PruebaTecnica-1\target\test-classes;C:\Users\T14927\Documents\Proyectos\Personal\PruebaTecnica-1\target\classes;C:\Users\T14927\.m2\repository\org\springframework\boot\spring-boot-starter-web\2.0.0.RC1\spring-boot-starter-web-2.0.0.RC1.jar;C:\Users\T14927\.m2\repository\org\springframework\boot\spring-boot-starter\2.0.0.RC1\spring-boot-starter-2.0.0.RC1.jar;C:\Users\T14927\.m2\repository\org\springframework\boot\spring-boot\2.0.0.RC1\spring-boot-2.0.0.RC1.jar;C:\Users\T14927\.m2\repository\org\springframework\boot\spring-boot-autoconfigure\2.0.0.RC1\spring-boot-autoconfigure-2.0.0.RC1.jar;C:\Users\T14927\.m2\repository\org\springframework\boot\spring-boot-starter-logging\2.0.0.RC1\spring-boot-starter-logging-2.0.0.RC1.jar;C:\Users\T14927\.m2\repository\ch\qos\logback\logback-classic\1.2.3\logback-classic-1.2.3.jar;C:\Users\T14927\.m2\repository\ch\qos\logback\logback-core\1.2.3\logback-core-1.2.3.jar;C:\Users\T14927\.m2\repository\org\apache\logging\log4j\log4j-to-slf4j\2.10.0\log4j-to-slf4j-2.10.0.jar;C:\Users\T14927\.m2\repository\org\apache\logging\log4j\log4j-api\2.10.0\log4j-api-2.10.0.jar;C:\Users\T14927\.m2\repository\org\slf4j\jul-to-slf4j\1.7.25\jul-to-slf4j-1.7.25.jar;C:\Users\T14927\.m2\repository\javax\annotation\javax.annotation-api\1.3.1\javax.annotation-api-1.3.1.jar;C:\Users\T14927\.m2\repository\org\yaml\snakeyaml\1.19\snakeyaml-1.19.jar;C:\Users\T14927\.m2\repository\org\springframework\boot\spring-boot-starter-json\2.0.0.RC1\spring-boot-starter-json-2.0.0.RC1.jar;C:\Users\T14927\.m2\repository\com\fasterxml\jackson\core\jackson-databind\2.9.2\jackson-databind-2.9.2.jar;C:\Users\T14927\.m2\repository\com\fasterxml\jackson\core\jackson-annotations\2.9.0\jackson-annotations-2.9.0.jar;C:\Users\T14927\.m2\repository\com\fasterxml\jackson\core\jackson-core\2.9.2\jackson-core-2.9.2.jar;C:\Users\T14927\.m2\repository\com\fasterxml\jackson\datatype\jackson-datatype-jdk8\2.9.2\jackson-datatype-jdk8-2.9.2.jar;C:\Users\T14927\.m2\repository\com\fasterxml\jackson\datatype\jackson-datatype-jsr310\2.9.2\jackson-datatype-jsr310-2.9.2.jar;C:\Users\T14927\.m2\repository\com\fasterxml\jackson\module\jackson-module-parameter-names\2.9.2\jackson-module-parameter-names-2.9.2.jar;C:\Users\T14927\.m2\repository\org\springframework\boot\spring-boot-starter-tomcat\2.0.0.RC1\spring-boot-starter-tomcat-2.0.0.RC1.jar;C:\Users\T14927\.m2\repository\org\apache\tomcat\embed\tomcat-embed-core\8.5.27\tomcat-embed-core-8.5.27.jar;C:\Users\T14927\.m2\repository\org\apache\tomcat\embed\tomcat-embed-el\8.5.27\tomcat-embed-el-8.5.27.jar;C:\Users\T14927\.m2\repository\org\apache\tomcat\embed\tomcat-embed-websocket\8.5.27\tomcat-embed-websocket-8.5.27.jar;C:\Users\T14927\.m2\repository\org\hibernate\validator\hibernate-validator\6.0.7.Final\hibernate-validator-6.0.7.Final.jar;C:\Users\T14927\.m2\repository\javax\validation\validation-api\2.0.1.Final\validation-api-2.0.1.Final.jar;C:\Users\T14927\.m2\repository\org\jboss\logging\jboss-logging\3.3.1.Final\jboss-logging-3.3.1.Final.jar;C:\Users\T14927\.m2\repository\com\fasterxml\classmate\1.3.4\classmate-1.3.4.jar;C:\Users\T14927\.m2\repository\org\springframework\spring-web\5.0.3.RELEASE\spring-web-5.0.3.RELEASE.jar;C:\Users\T14927\.m2\repository\org\springframework\spring-beans\5.0.3.RELEASE\spring-beans-5.0.3.RELEASE.jar;C:\Users\T14927\.m2\repository\org\springframework\spring-webmvc\5.0.3.RELEASE\spring-webmvc-5.0.3.RELEASE.jar;C:\Users\T14927\.m2\repository\org\springframework\spring-aop\5.0.3.RELEASE\spring-aop-5.0.3.RELEASE.jar;C:\Users\T14927\.m2\repository\org\springframework\spring-context\5.0.3.RELEASE\spring-context-5.0.3.RELEASE.jar;C:\Users\T14927\.m2\repository\org\springframework\spring-expression\5.0.3.RELEASE\spring-expression-5.0.3.RELEASE.jar;C:\Users\T14927\.m2\repository\org\springframework\boot\spring-boot-starter-test\2.0.0.RC1\spring-boot-starter-test-2.0.0.RC1.jar;C:\Users\T14927\.m2\repository\org\springframework\boot\spring-boot-test\2.0.0.RC1\spring-boot-test-2.0.0.RC1.jar;C:\Users\T14927\.m2\repository\org\springframework\boot\spring-boot-test-autoconfigure\2.0.0.RC1\spring-boot-test-autoconfigure-2.0.0.RC1.jar;C:\Users\T14927\.m2\repository\com\jayway\jsonpath\json-path\2.4.0\json-path-2.4.0.jar;C:\Users\T14927\.m2\repository\net\minidev\json-smart\2.3\json-smart-2.3.jar;C:\Users\T14927\.m2\repository\net\minidev\accessors-smart\1.2\accessors-smart-1.2.jar;C:\Users\T14927\.m2\repository\org\ow2\asm\asm\5.0.4\asm-5.0.4.jar;C:\Users\T14927\.m2\repository\org\slf4j\slf4j-api\1.7.25\slf4j-api-1.7.25.jar;C:\Users\T14927\.m2\repository\junit\junit\4.12\junit-4.12.jar;C:\Users\T14927\.m2\repository\org\assertj\assertj-core\3.9.0\assertj-core-3.9.0.jar;C:\Users\T14927\.m2\repository\org\mockito\mockito-core\2.13.0\mockito-core-2.13.0.jar;C:\Users\T14927\.m2\repository\net\bytebuddy\byte-buddy\1.7.9\byte-buddy-1.7.9.jar;C:\Users\T14927\.m2\repository\net\bytebuddy\byte-buddy-agent\1.7.9\byte-buddy-agent-1.7.9.jar;C:\Users\T14927\.m2\repository\org\objenesis\objenesis\2.6\objenesis-2.6.jar;C:\Users\T14927\.m2\repository\org\hamcrest\hamcrest-core\1.3\hamcrest-core-1.3.jar;C:\Users\T14927\.m2\repository\org\hamcrest\hamcrest-library\1.3\hamcrest-library-1.3.jar;C:\Users\T14927\.m2\repository\org\skyscreamer\jsonassert\1.5.0\jsonassert-1.5.0.jar;C:\Users\T14927\.m2\repository\com\vaadin\external\google\android-json\0.0.20131108.vaadin1\android-json-0.0.20131108.vaadin1.jar;C:\Users\T14927\.m2\repository\org\springframework\spring-core\5.0.3.RELEASE\spring-core-5.0.3.RELEASE.jar;C:\Users\T14927\.m2\repository\org\springframework\spring-jcl\5.0.3.RELEASE\spring-jcl-5.0.3.RELEASE.jar;C:\Users\T14927\.m2\repository\org\springframework\spring-test\5.0.3.RELEASE\spring-test-5.0.3.RELEASE.jar;C:\Users\T14927\.m2\repository\org\xmlunit\xmlunit-core\2.5.1\xmlunit-core-2.5.1.jar;, user.name=T14927, java.vm.specification.version=1.8, sun.java.command=C:\Users\T14927\AppData\Local\Temp\surefire7462703455070759726\surefirebooter2894812969166334759.jar C:\Users\T14927\AppData\Local\Temp\surefire7462703455070759726 2018-02-19T09-17-22_162-jvmRun1 surefire1560282762353313767tmp surefire_05422688576021595729tmp, java.home=C:\Program Files\Java\jdk1.8.0_131\jre, sun.arch.data.model=64, user.language=es, java.specification.vendor=Oracle Corporation, awt.toolkit=sun.awt.windows.WToolkit, java.vm.info=mixed mode, java.version=1.8.0_131, java.ext.dirs=C:\Program Files\Java\jdk1.8.0_131\jre\lib\ext;C:\Windows\Sun\Java\lib\ext, sun.boot.class.path=C:\Program Files\Java\jdk1.8.0_131\jre\lib\resources.jar;C:\Program Files\Java\jdk1.8.0_131\jre\lib\rt.jar;C:\Program Files\Java\jdk1.8.0_131\jre\lib\sunrsasign.jar;C:\Program Files\Java\jdk1.8.0_131\jre\lib\jsse.jar;C:\Program Files\Java\jdk1.8.0_131\jre\lib\jce.jar;C:\Program Files\Java\jdk1.8.0_131\jre\lib\charsets.jar;C:\Program Files\Java\jdk1.8.0_131\jre\lib\jfr.jar;C:\Program Files\Java\jdk1.8.0_131\jre\classes, java.vendor=Oracle Corporation, localRepository=C:\Users\T14927\.m2\repository, file.separator=\, java.vendor.url.bug=http://bugreport.sun.com/bugreport/, sun.io.unicode.encoding=UnicodeLittle, sun.cpu.endian=little, sun.desktop=windows, sun.cpu.isalist=amd64}}, SystemEnvironmentPropertySource@1948863195 {name='systemEnvironment', properties={PATH=C:\ProgramData\Oracle\Java\javapath;C:\Windows\system32;C:\Windows;C:\Windows\System32\Wbem;C:\Windows\System32\WindowsPowerShell\v1.0\;C:\Program Files\Java\jdk1.8.0_131\bin;C:\apache-maven-3.3.9\bin;C:\Program Files (x86)\PuTTY\;C:\Program Files (x86)\Skype\Phone\;C:\Program Files\Microsoft SQL Server\130\Tools\Binn\;C:\Program Files\dotnet\;C:\Program Files\Git\cmd;C:\Program Files\nodejs\;C:\Program Files\TortoiseGit\bin;C:\PostgreSQL\pg96\bin;C:\Program Files (x86)\pgmodeler;C:\Program Files (x86)\Bitvise SSH Client;;C:\Program Files\Microsoft VS Code\bin;C:\Users\T14927\AppData\Roaming\npm, PROCESSOR_LEVEL=6, SYSTEMDRIVE=C:, FP_NO_HOST_CHECK=NO, SESSIONNAME=Console, ALLUSERSPROFILE=C:\ProgramData, PGMODELER_SCHEMAS_DIR=C:\Program Files (x86)\pgmodeler\schemas, PROCESSOR_ARCHITECTURE=AMD64, PGMODELER_APP_PATH=C:\Program Files (x86)\pgmodeler\pgmodeler.exe, PROGRAMFILES=C:\Program Files, PSMODULEPATH=C:\Windows\system32\WindowsPowerShell\v1.0\Modules\;C:\Program Files\Microsoft Security Client\MpProvider\, PROGRAMDATA=C:\ProgramData, USERNAME=T14927, USERDNSDOMAIN=LATAM.GRUPOTECNOCOM, PATHEXT=.COM;.EXE;.BAT;.CMD;.VBS;.VBE;.JS;.JSE;.WSF;.WSH;.MSC, PGMODELER_PLUGINS_DIR=C:\Program Files (x86)\pgmodeler\plugins, PGMODELER_CLI_PATH=C:\Program Files (x86)\pgmodeler\pgmodeler-cli.exe, WINDIR=C:\Windows, PGMODELER_SAMPLES_DIR=C:\Program Files (x86)\pgmodeler\samples, HOMEPATH=\Users\T14927, PROCESSOR_IDENTIFIER=Intel64 Family 6 Model 58 Stepping 9, GenuineIntel, WINDOWS_TRACING_LOGFILE=C:\BVTBin\Tests\installpackage\csilogfile.log, PUBLIC=C:\Users\Public, PGMODELER_CHANDLER_PATH=C:\Program Files (x86)\pgmodeler\pgmodeler-ch.exe, LOCALAPPDATA=C:\Users\T14927\AppData\Local, COMMONPROGRAMFILES(X86)=C:\Program Files (x86)\Common Files, USERDOMAIN=LATAM, LOGONSERVER=\\BOGDC01, JAVA_HOME=C:\Program Files\Java\jdk1.8.0_131, PROMPT=$P$G, PROGRAMFILES(X86)=C:\Program Files (x86), WINDOWS_TRACING_FLAGS=3, =C:=C:\Users\T14927\Documents\Proyectos\Personal\PruebaTecnica-1, APPDATA=C:\Users\T14927\AppData\Roaming, PROGRAMW6432=C:\Program Files, SYSTEMROOT=C:\Windows, PGMODELER_TMPL_CONF_DIR=C:\Program Files (x86)\pgmodeler\conf, VBOX_MSI_INSTALL_PATH=C:\Program Files\Oracle\VirtualBox\, OS=Windows_NT, COMMONPROGRAMW6432=C:\Program Files\Common Files, COMPUTERNAME=CO-L-238B5W9, COMMONPROGRAMFILES=C:\Program Files\Common Files, COMSPEC=C:\Windows\system32\cmd.exe, PROCESSOR_REVISION=3a09, UATDATA=C:\Windows\CCM\UATData\D9F8C395-CAB8-491d-B8AC-179A1FE1BE77, PGMODELER_LANG_DIR=C:\Program Files (x86)\pgmodeler\lang, TEMP=C:\Users\T14927\AppData\Local\Temp, HOMEDRIVE=C:, USERPROFILE=C:\Users\T14927, TMP=C:\Users\T14927\AppData\Local\Temp, NUMBER_OF_PROCESSORS=4}}]
09:17:24.268 [main] DEBUG org.springframework.core.io.support.PathMatchingResourcePatternResolver - Resolved classpath location [com/prueba/tecnica/] to resources [URL [file:/C:/Users/T14927/Documents/Proyectos/Personal/PruebaTecnica-1/target/test-classes/com/prueba/tecnica/], URL [file:/C:/Users/T14927/Documents/Proyectos/Personal/PruebaTecnica-1/target/classes/com/prueba/tecnica/]]
09:17:24.268 [main] DEBUG org.springframework.core.io.support.PathMatchingResourcePatternResolver - Looking for matching resources in directory tree [C:\Users\T14927\Documents\Proyectos\Personal\PruebaTecnica-1\target\test-classes\com\prueba\tecnica]
09:17:24.268 [main] DEBUG org.springframework.core.io.support.PathMatchingResourcePatternResolver - Searching directory [C:\Users\T14927\Documents\Proyectos\Personal\PruebaTecnica-1\target\test-classes\com\prueba\tecnica] for files matching pattern [C:/Users/T14927/Documents/Proyectos/Personal/PruebaTecnica-1/target/test-classes/com/prueba/tecnica/*.class]
09:17:24.269 [main] DEBUG org.springframework.core.io.support.PathMatchingResourcePatternResolver - Looking for matching resources in directory tree [C:\Users\T14927\Documents\Proyectos\Personal\PruebaTecnica-1\target\classes\com\prueba\tecnica]
09:17:24.269 [main] DEBUG org.springframework.core.io.support.PathMatchingResourcePatternResolver - Searching directory [C:\Users\T14927\Documents\Proyectos\Personal\PruebaTecnica-1\target\classes\com\prueba\tecnica] for files matching pattern [C:/Users/T14927/Documents/Proyectos/Personal/PruebaTecnica-1/target/classes/com/prueba/tecnica/*.class]
09:17:24.269 [main] DEBUG org.springframework.core.io.support.PathMatchingResourcePatternResolver - Resolved location pattern [classpath*:com/prueba/tecnica/*.class] to resources [file [C:\Users\T14927\Documents\Proyectos\Personal\PruebaTecnica-1\target\test-classes\com\prueba\tecnica\PruebaTecnica1ApplicationTests.class], file [C:\Users\T14927\Documents\Proyectos\Personal\PruebaTecnica-1\target\classes\com\prueba\tecnica\ServicioCallCenter.class]]
09:17:24.319 [main] DEBUG org.springframework.core.io.support.PathMatchingResourcePatternResolver - Resolved classpath location [com/prueba/] to resources [URL [file:/C:/Users/T14927/Documents/Proyectos/Personal/PruebaTecnica-1/target/test-classes/com/prueba/], URL [file:/C:/Users/T14927/Documents/Proyectos/Personal/PruebaTecnica-1/target/classes/com/prueba/]]
09:17:24.319 [main] DEBUG org.springframework.core.io.support.PathMatchingResourcePatternResolver - Looking for matching resources in directory tree [C:\Users\T14927\Documents\Proyectos\Personal\PruebaTecnica-1\target\test-classes\com\prueba]
09:17:24.319 [main] DEBUG org.springframework.core.io.support.PathMatchingResourcePatternResolver - Searching directory [C:\Users\T14927\Documents\Proyectos\Personal\PruebaTecnica-1\target\test-classes\com\prueba] for files matching pattern [C:/Users/T14927/Documents/Proyectos/Personal/PruebaTecnica-1/target/test-classes/com/prueba/*.class]
09:17:24.319 [main] DEBUG org.springframework.core.io.support.PathMatchingResourcePatternResolver - Looking for matching resources in directory tree [C:\Users\T14927\Documents\Proyectos\Personal\PruebaTecnica-1\target\classes\com\prueba]
09:17:24.319 [main] DEBUG org.springframework.core.io.support.PathMatchingResourcePatternResolver - Searching directory [C:\Users\T14927\Documents\Proyectos\Personal\PruebaTecnica-1\target\classes\com\prueba] for files matching pattern [C:/Users/T14927/Documents/Proyectos/Personal/PruebaTecnica-1/target/classes/com/prueba/*.class]
09:17:24.319 [main] DEBUG org.springframework.core.io.support.PathMatchingResourcePatternResolver - Resolved location pattern [classpath*:com/prueba/*.class] to resources []
09:17:24.319 [main] DEBUG org.springframework.core.io.support.PathMatchingResourcePatternResolver - Resolved classpath location [com/] to resources [URL [file:/C:/Users/T14927/Documents/Proyectos/Personal/PruebaTecnica-1/target/test-classes/com/], URL [file:/C:/Users/T14927/Documents/Proyectos/Personal/PruebaTecnica-1/target/classes/com/], URL [jar:file:/C:/Users/T14927/.m2/repository/com/fasterxml/jackson/core/jackson-databind/2.9.2/jackson-databind-2.9.2.jar!/com/], URL [jar:file:/C:/Users/T14927/.m2/repository/com/fasterxml/jackson/core/jackson-annotations/2.9.0/jackson-annotations-2.9.0.jar!/com/], URL [jar:file:/C:/Users/T14927/.m2/repository/com/fasterxml/jackson/core/jackson-core/2.9.2/jackson-core-2.9.2.jar!/com/], URL [jar:file:/C:/Users/T14927/.m2/repository/com/fasterxml/jackson/datatype/jackson-datatype-jdk8/2.9.2/jackson-datatype-jdk8-2.9.2.jar!/com/], URL [jar:file:/C:/Users/T14927/.m2/repository/com/fasterxml/jackson/datatype/jackson-datatype-jsr310/2.9.2/jackson-datatype-jsr310-2.9.2.jar!/com/], URL [jar:file:/C:/Users/T14927/.m2/repository/com/fasterxml/jackson/module/jackson-module-parameter-names/2.9.2/jackson-module-parameter-names-2.9.2.jar!/com/], URL [jar:file:/C:/Users/T14927/.m2/repository/com/fasterxml/classmate/1.3.4/classmate-1.3.4.jar!/com/], URL [jar:file:/C:/Users/T14927/.m2/repository/com/jayway/jsonpath/json-path/2.4.0/json-path-2.4.0.jar!/com/]]
09:17:24.329 [main] DEBUG org.springframework.core.io.support.PathMatchingResourcePatternResolver - Looking for matching resources in directory tree [C:\Users\T14927\Documents\Proyectos\Personal\PruebaTecnica-1\target\test-classes\com]
09:17:24.329 [main] DEBUG org.springframework.core.io.support.PathMatchingResourcePatternResolver - Searching directory [C:\Users\T14927\Documents\Proyectos\Personal\PruebaTecnica-1\target\test-classes\com] for files matching pattern [C:/Users/T14927/Documents/Proyectos/Personal/PruebaTecnica-1/target/test-classes/com/*.class]
09:17:24.329 [main] DEBUG org.springframework.core.io.support.PathMatchingResourcePatternResolver - Looking for matching resources in directory tree [C:\Users\T14927\Documents\Proyectos\Personal\PruebaTecnica-1\target\classes\com]
09:17:24.329 [main] DEBUG org.springframework.core.io.support.PathMatchingResourcePatternResolver - Searching directory [C:\Users\T14927\Documents\Proyectos\Personal\PruebaTecnica-1\target\classes\com] for files matching pattern [C:/Users/T14927/Documents/Proyectos/Personal/PruebaTecnica-1/target/classes/com/*.class]
09:17:24.329 [main] DEBUG org.springframework.core.io.support.PathMatchingResourcePatternResolver - Looking for matching resources in jar file [file:/C:/Users/T14927/.m2/repository/com/fasterxml/jackson/core/jackson-databind/2.9.2/jackson-databind-2.9.2.jar]
09:17:24.349 [main] DEBUG org.springframework.core.io.support.PathMatchingResourcePatternResolver - Looking for matching resources in jar file [file:/C:/Users/T14927/.m2/repository/com/fasterxml/jackson/core/jackson-annotations/2.9.0/jackson-annotations-2.9.0.jar]
09:17:24.359 [main] DEBUG org.springframework.core.io.support.PathMatchingResourcePatternResolver - Looking for matching resources in jar file [file:/C:/Users/T14927/.m2/repository/com/fasterxml/jackson/core/jackson-core/2.9.2/jackson-core-2.9.2.jar]
09:17:24.359 [main] DEBUG org.springframework.core.io.support.PathMatchingResourcePatternResolver - Looking for matching resources in jar file [file:/C:/Users/T14927/.m2/repository/com/fasterxml/jackson/datatype/jackson-datatype-jdk8/2.9.2/jackson-datatype-jdk8-2.9.2.jar]
09:17:24.359 [main] DEBUG org.springframework.core.io.support.PathMatchingResourcePatternResolver - Looking for matching resources in jar file [file:/C:/Users/T14927/.m2/repository/com/fasterxml/jackson/datatype/jackson-datatype-jsr310/2.9.2/jackson-datatype-jsr310-2.9.2.jar]
09:17:24.359 [main] DEBUG org.springframework.core.io.support.PathMatchingResourcePatternResolver - Looking for matching resources in jar file [file:/C:/Users/T14927/.m2/repository/com/fasterxml/jackson/module/jackson-module-parameter-names/2.9.2/jackson-module-parameter-names-2.9.2.jar]
09:17:24.359 [main] DEBUG org.springframework.core.io.support.PathMatchingResourcePatternResolver - Looking for matching resources in jar file [file:/C:/Users/T14927/.m2/repository/com/fasterxml/classmate/1.3.4/classmate-1.3.4.jar]
09:17:24.359 [main] DEBUG org.springframework.core.io.support.PathMatchingResourcePatternResolver - Looking for matching resources in jar file [file:/C:/Users/T14927/.m2/repository/com/jayway/jsonpath/json-path/2.4.0/json-path-2.4.0.jar]
09:17:24.369 [main] DEBUG org.springframework.core.io.support.PathMatchingResourcePatternResolver - Resolved location pattern [classpath*:com/*.class] to resources []
]]></system-out>
  </testcase>
</testsuite>